Arguments: 
  C:\Program Files\nodejs\node.exe C:\Users\slith\AppData\Roaming\npm\node_modules\yarn\bin\yarn.js add ..\ReactComponents\

PATH: 
  C:\Program Files (x86)\Razer Chroma SDK\bin;C:\Program Files\Razer Chroma SDK\bin;C:\Program Files (x86)\Razer\ChromaBroadcast\bin;C:\Program Files\Razer\ChromaBroadcast\bin;C:\Program Files (x86)\Common Files\Oracle\Java\javapath;C:\Python39\Scripts\;C:\Python39\;C:\Windows\system32;C:\Windows;C:\Windows\System32\Wbem;C:\Windows\System32\WindowsPowerShell\v1.0\;C:\Windows\System32\OpenSSH\;C:\Program Files\dotnet\;D:\Program Files\Git\cmd;C:\Program Files\nodejs\;C:\ProgramData\chocolatey\bin;C:\Users\slith\AppData\Local\Yarn\bin;C:\Users\slith\AppData\Local\Microsoft\WindowsApps;C:\Users\slith\AppData\Local\Programs\Microsoft VS Code\bin;C:\Users\slith\.dotnet\tools;C:\PATH;C:\Users\slith\AppData\Roaming\npm;C:\Windows\system32\config\systemprofile\AppData\Local\Microsoft\WindowsApps;C:\Users\slith\AppData\Local\Microsoft\WindowsApps;C:\Users\slith\AppData\Local\Programs\Microsoft VS Code\bin;C:\Users\slith\.dotnet\tools;C:\PATH;C:\Users\slith\AppData\Roaming\npm;C:\Users\slith\AppData\Local\Yarn\bin;

Yarn version: 
  1.22.10

Node version: 
  16.0.0

Platform: 
  win32 x64

Trace: 
  Error: https://registry.yarnpkg.com/ReactComponents/: Not found
      at Request.params.callback [as _callback] (C:\Users\slith\AppData\Roaming\npm\node_modules\yarn\lib\cli.js:66988:18)
      at Request.self.callback (C:\Users\slith\AppData\Roaming\npm\node_modules\yarn\lib\cli.js:140662:22)
      at Request.emit (node:events:365:28)
      at Request.<anonymous> (C:\Users\slith\AppData\Roaming\npm\node_modules\yarn\lib\cli.js:141634:10)
      at Request.emit (node:events:365:28)
      at IncomingMessage.<anonymous> (C:\Users\slith\AppData\Roaming\npm\node_modules\yarn\lib\cli.js:141556:12)
      at Object.onceWrapper (node:events:471:28)
      at IncomingMessage.emit (node:events:377:35)
      at endReadableNT (node:internal/streams/readable:1312:12)
      at processTicksAndRejections (node:internal/process/task_queues:83:21)

npm manifest: 
  {
  	"name": "rcta",
  	"description": "react component test app",
  	"version": "0.1.0",
  	"private": false,
  	"dependencies": {
  		"@testing-library/jest-dom": "^5.11.4",
  		"@testing-library/react": "^11.1.0",
  		"@testing-library/user-event": "^12.1.10",
  		"@types/jest": "^26.0.15",
  		"@types/node": "^12.0.0",
  		"@types/react": "^17.0.0",
  		"@types/react-dom": "^17.0.0",
  		"react": "^17.0.2",
  		"react-dom": "^17.0.2",
  		"react-scripts": "4.0.3",
  		"typescript": "^4.1.2",
  		"web-vitals": "^1.0.1",
  		"@norathefurry/reactcomponents": "^0.1.2"
  	},
  	"scripts": {
  		"start": "react-scripts start",
  		"build": "react-scripts build",
  		"test": "react-scripts test",
  		"eject": "react-scripts eject"
  	},
  	"eslintConfig": {
  		"extends": [
  			"react-app",
  			"react-app/jest"
  		]
  	},
  	"browserslist": {
  		"production": [
  			">0.05%",
  			"not dead",
  			"not op_mini all"
  		],
  		"development": [
  			"last 5 chrome versions",
  			"last 5 firefox versions"
  		]
  	}
  }

yarn manifest: 
  No manifest

Lockfile: 
  # THIS IS AN AUTOGENERATED FILE. DO NOT EDIT THIS FILE DIRECTLY.
  # yarn lockfile v1
  
  
  "@norathefurry/reactcomponents@^0.1.2":
    version "0.1.2"
    resolved "https://registry.yarnpkg.com/@norathefurry/reactcomponents/-/reactcomponents-0.1.2.tgz#fa28a7ba1d7716a757372e1e690f87916bb43332"
    integrity sha512-Qh/hSxtSorbXSIz0xjsEEmgzZLZmOliV+lHPuMt3taobZlNGy3xSbZwJtk/zj1Pru51sNH+ZbXui/fouALxpAA==
    dependencies:
      react "^17.0.2"
  
  "js-tokens@^3.0.0 || ^4.0.0":
    version "4.0.0"
    resolved "https://registry.yarnpkg.com/js-tokens/-/js-tokens-4.0.0.tgz#19203fb59991df98e3a287050d4647cdeaf32499"
    integrity sha512-RdJUflcE3cUzKiMqQgsCu06FPu9UdIJO0beYbPhHN4k6apgJtifcoCtT9bcxOpYBtpD2kCM6Sbzg4CausW/PKQ==
  
  loose-envify@^1.1.0:
    version "1.4.0"
    resolved "https://registry.yarnpkg.com/loose-envify/-/loose-envify-1.4.0.tgz#71ee51fa7be4caec1a63839f7e682d8132d30caf"
    integrity sha512-lyuxPGr/Wfhrlem2CL/UcnUc1zcqKAImBDzukY7Y5F/yQiNdko6+fRLevlw1HgMySw7f611UIY408EtxRSoK3Q==
    dependencies:
      js-tokens "^3.0.0 || ^4.0.0"
  
  object-assign@^4.1.1:
    version "4.1.1"
    resolved "https://registry.yarnpkg.com/object-assign/-/object-assign-4.1.1.tgz#2109adc7965887cfc05cbbd442cac8bfbb360863"
    integrity sha1-IQmtx5ZYh8/AXLvUQsrIv7s2CGM=
  
  react@^17.0.2:
    version "17.0.2"
    resolved "https://registry.yarnpkg.com/react/-/react-17.0.2.tgz#d0b5cc516d29eb3eee383f75b62864cfb6800037"
    integrity sha512-gnhPt75i/dq/z3/6q/0asP78D0u592D5L1pd7M8P+dck6Fu/jJeL6iVVK23fptSUZj8Vjf++7wXA8UNclGQcbA==
    dependencies:
      loose-envify "^1.1.0"
      object-assign "^4.1.1"
